
> narra-backend@1.0.0 dev
> nodemon src/server.ts

[33m[nodemon] 3.1.10[39m
[33m[nodemon] to restart at any time, enter `rs`[39m
[33m[nodemon] watching path(s): src/**/*[39m
[33m[nodemon] watching extensions: ts[39m
[32m[nodemon] starting `ts-node src/server.ts src/server.ts`[39m
Error: Cannot find module './types/express'
Require stack:
- /Users/angelomadara/Gitlab/project-narra-backend/src/server.ts
    at Module.<anonymous> (node:internal/modules/cjs/loader:1405:15)
    at Module._resolveFilename.sharedData.moduleResolveFilenameHook.installedValue [as _resolveFilename] (/Users/angelomadara/Gitlab/project-narra-backend/node_modules/@cspotcode/source-map-support/source-map-support.js:811:30)
    at defaultResolveImpl (node:internal/modules/cjs/loader:1061:19)
    at resolveForCJSWithHooks (node:internal/modules/cjs/loader:1066:22)
    at Module._load (node:internal/modules/cjs/loader:1215:37)
    at TracingChannel.traceSync (node:diagnostics_channel:322:14)
    at wrapModuleLoad (node:internal/modules/cjs/loader:235:24)
    at Module.require (node:internal/modules/cjs/loader:1491:12)
    at require (node:internal/modules/helpers:135:16)
    at Object.<anonymous> (/Users/angelomadara/Gitlab/project-narra-backend/src/server.ts:2:1) {
  code: 'MODULE_NOT_FOUND',
  requireStack: [ '/Users/angelomadara/Gitlab/project-narra-backend/src/server.ts' ]
}
[31m[nodemon] app crashed - waiting for file changes before starting...[39m
node:events:485
      throw er; // Unhandled 'error' event
      ^

Error: read EIO
    at TTY.onStreamRead (node:internal/stream_base_commons:216:20)
Emitted 'error' event on ReadStream instance at:
    at emitErrorNT (node:internal/streams/destroy:170:8)
    at emitErrorCloseNT (node:internal/streams/destroy:129:3)
    at process.processTicksAndRejections (node:internal/process/task_queues:90:21) {
  errno: -5,
  code: 'EIO',
  syscall: 'read'
}

Node.js v24.2.0
